<?xml version="1.0" encoding="UTF-8"?>
<testng-results ignored="0" total="1" passed="1" failed="0" skipped="0">
  <reporter-output>
  </reporter-output>
  <suite started-at="2021-01-16T23:44:48Z" name="Surefire suite" finished-at="2021-01-16T23:45:28Z" duration-ms="40203">
    <groups>
    </groups>
    <test started-at="2021-01-16T23:44:48Z" name="Surefire test" finished-at="2021-01-16T23:45:28Z" duration-ms="40203">
      <class name="tests.LoginTest">
        <test-method is-config="true" signature="beforeMethod()[pri:0, instance:tests.LoginTest@5fdcaa40]" started-at="2021-01-16T18:44:48Z" name="beforeMethod" finished-at="2021-01-16T18:45:19Z" duration-ms="30449" status="PASS">
          <reporter-output>
          </reporter-output>
        </test-method> <!-- beforeMethod -->
        <test-method signature="loginWithWithoutPasswordTest()[pri:0, instance:tests.LoginTest@5fdcaa40]" started-at="2021-01-16T18:45:19Z" name="loginWithWithoutPasswordTest" finished-at="2021-01-16T18:45:26Z" duration-ms="7557" status="PASS">
          <reporter-output>
          </reporter-output>
        </test-method> <!-- loginWithWithoutPasswordTest -->
        <test-method is-config="true" signature="afterMethod()[pri:0, instance:tests.LoginTest@5fdcaa40]" started-at="2021-01-16T18:45:26Z" name="afterMethod" finished-at="2021-01-16T18:45:28Z" duration-ms="2177" status="PASS">
          <reporter-output>
          </reporter-output>
        </test-method> <!-- afterMethod -->
      </class> <!-- tests.LoginTest -->
    </test> <!-- Surefire test -->
  </suite> <!-- Surefire suite -->
</testng-results>
